<?xml version="1.0" encoding="UTF-8"?>
<!-- Generated by org.testng.reporters.JUnitReportReporter -->
<testsuite hostname="LAPTOP-PJ7L08O1" failures="0" tests="1" name="Sprint1.ContextMenu" time="2.869" errors="0" timestamp="2022-10-08T08:35:37 EDT" skipped="0">
  <testcase classname="Sprint1.ContextMenu" name="verifyAddRemoveElements" time="2.869"/>
  <system-out/>
</testsuite> <!-- Sprint1.ContextMenu -->
