<?xml version="1.0" encoding="UTF-8"?>
<!-- Generated by org.testng.reporters.JUnitReportReporter -->
<testsuite hostname="LAPTOP-PJ7L08O1" failures="0" tests="1" name="Sprint1.ContextMenu" time="4.842" errors="0" timestamp="2022-10-11T02:18:48 EDT" skipped="0">
  <testcase classname="Sprint1.ContextMenu" name="verifyAddRemoveElements" time="4.842"/>
  <system-out/>
</testsuite> <!-- Sprint1.ContextMenu -->
