<?xml version="1.0" encoding="UTF-8"?>
<!-- Generated by org.testng.reporters.JUnitReportReporter -->
<testsuite hostname="LAPTOP-PJ7L08O1" failures="0" tests="2" name="Sprint1.BasicAuth" time="26.056" errors="0" timestamp="2022-10-06T20:56:06 EDT" skipped="0">
  <testcase classname="Sprint1.BasicAuth" name="verifyBasicAuthIncorrectCredentials" time="7.092"/>
  <system-out/>
  <testcase classname="Sprint1.BasicAuth" name="verifyBasicAuthCorrectCredentials" time="18.964"/>
  <system-out/>
</testsuite> <!-- Sprint1.BasicAuth -->
