<?xml version="1.0" encoding="UTF-8"?>
<!-- Generated by org.testng.reporters.JUnitReportReporter -->
<testsuite hostname="LAPTOP-PJ7L08O1" failures="0" tests="1" name="Sprint1.DragDrop" time="10.645" errors="0" timestamp="2022-10-12T20:30:43 EDT" skipped="0">
  <testcase classname="Sprint1.DragDrop" name="verifyAddRemoveElements" time="10.645"/>
  <system-out/>
</testsuite> <!-- Sprint1.DragDrop -->
