<?xml version="1.0" encoding="UTF-8"?>
<!-- Generated by org.testng.reporters.JUnitReportReporter -->
<testsuite hostname="LAPTOP-PJ7L08O1" failures="0" tests="1" name="Sprint1.Input" time="17.211" errors="0" timestamp="2022-10-14T22:48:49 EDT" skipped="0">
  <testcase classname="Sprint1.Input" name="verifyInputBox" time="17.211"/>
  <system-out/>
</testsuite> <!-- Sprint1.Input -->
