<?xml version="1.0" encoding="UTF-8"?>
<!-- Generated by org.testng.reporters.JUnitReportReporter -->
<testsuite hostname="LAPTOP-PJ7L08O1" failures="0" tests="1" name="Sprint1.InfiniteScroll" time="19.829" errors="0" timestamp="2022-10-15T13:28:41 EDT" skipped="0">
  <testcase classname="Sprint1.InfiniteScroll" name="verifyInputBox" time="19.829"/>
  <system-out/>
</testsuite> <!-- Sprint1.InfiniteScroll -->
