<?xml version="1.0" encoding="UTF-8"?>
<!-- Generated by org.testng.reporters.JUnitReportReporter -->
<testsuite hostname="LAPTOP-PJ7L08O1" failures="0" tests="2" name="AmazonTesting.AmazonItem" time="28.907" errors="0" timestamp="2022-11-12T19:46:35 EST" skipped="0">
  <testcase classname="AmazonTesting.AmazonItem" name="averifyUserReviewsFunctionality" time="15.004"/>
  <system-out/>
  <testcase classname="AmazonTesting.AmazonItem" name="verifyItemSearchAndTitle" time="13.903"/>
  <system-out/>
</testsuite> <!-- AmazonTesting.AmazonItem -->
