<?xml version="1.0" encoding="UTF-8"?>
<!-- Generated by org.testng.reporters.JUnitReportReporter -->
<testsuite hostname="LAPTOP-PJ7L08O1" failures="0" tests="1" name="Sprint1.Typos" time="21.647" errors="0" timestamp="2022-10-14T18:05:08 EDT" skipped="0">
  <testcase classname="Sprint1.Typos" name="checkForTypos" time="21.647"/>
  <system-out/>
</testsuite> <!-- Sprint1.Typos -->
