<?xml version="1.0" encoding="UTF-8"?>
<!-- Generated by org.testng.reporters.JUnitReportReporter -->
<testsuite hostname="LAPTOP-PJ7L08O1" failures="0" tests="1" name="Sprint1.BrokenImages" time="7.829" errors="0" timestamp="2022-10-07T21:19:57 EDT" skipped="0">
  <testcase classname="Sprint1.BrokenImages" name="verifyBrokenImages" time="7.829"/>
  <system-out/>
</testsuite> <!-- Sprint1.BrokenImages -->
