<?xml version="1.0" encoding="UTF-8"?>
<!-- Generated by org.testng.reporters.JUnitReportReporter -->
<testsuite hostname="LAPTOP-PJ7L08O1" failures="0" tests="1" name="AmazonTesting.AmazonItem" time="11.584" errors="0" timestamp="2022-11-11T06:23:26 EST" skipped="0">
  <testcase classname="AmazonTesting.AmazonItem" name="averifyUserReviewsFunctionality" time="11.584"/>
  <system-out/>
</testsuite> <!-- AmazonTesting.AmazonItem -->
