<?xml version="1.0" encoding="UTF-8"?>
<!-- Generated by org.testng.reporters.JUnitReportReporter -->
<testsuite hostname="LAPTOP-PJ7L08O1" failures="0" tests="1" name="Sprint1.Input" time="35.118" errors="0" timestamp="2022-10-15T12:12:56 EDT" skipped="0">
  <testcase classname="Sprint1.Input" name="verifyInputBox" time="35.118"/>
  <system-out/>
</testsuite> <!-- Sprint1.Input -->
