<?xml version="1.0" encoding="UTF-8"?>
<!-- Generated by org.testng.reporters.JUnitReportReporter -->
<testsuite hostname="LAPTOP-PJ7L08O1" failures="0" tests="2" name="AmazonTesting.AmazonItem" time="25.602" errors="0" timestamp="2022-11-21T16:40:44 EST" skipped="0">
  <testcase classname="AmazonTesting.AmazonItem" name="verifyItemSearchAndTitle" time="12.301"/>
  <system-out/>
  <testcase classname="AmazonTesting.AmazonItem" name="averifyUserReviewsFunctionality" time="13.301"/>
  <system-out/>
</testsuite> <!-- AmazonTesting.AmazonItem -->
