<?xml version="1.0" encoding="UTF-8"?>
<!-- Generated by org.testng.reporters.JUnitReportReporter -->
<testsuite hostname="LAPTOP-PJ7L08O1" failures="0" tests="1" name="Sprint1.CheckBoxes" time="19.291" errors="0" timestamp="2022-10-08T00:57:29 EDT" skipped="0">
  <testcase classname="Sprint1.CheckBoxes" name="verifyBrokenImages" time="19.291"/>
  <system-out/>
</testsuite> <!-- Sprint1.CheckBoxes -->
